TN:
SF:index.js
FN:55,(anonymous_0)
FN:64,(anonymous_1)
FN:99,(anonymous_2)
FN:104,(anonymous_3)
FN:129,(anonymous_4)
FN:133,(anonymous_5)
FN:139,(anonymous_6)
FN:148,(anonymous_7)
FN:156,(anonymous_8)
FN:159,(anonymous_9)
FN:162,(anonymous_10)
FN:165,(anonymous_11)
FN:175,startServer
FN:182,(anonymous_13)
FNF:14
FNH:1
FNDA:8,(anonymous_0)
FNDA:0,(anonymous_1)
FNDA:0,(anonymous_2)
FNDA:0,(anonymous_3)
FNDA:0,(anonymous_4)
FNDA:0,(anonymous_5)
FNDA:0,(anonymous_6)
FNDA:0,(anonymous_7)
FNDA:0,(anonymous_8)
FNDA:0,(anonymous_9)
FNDA:0,(anonymous_10)
FNDA:0,(anonymous_11)
FNDA:0,startServer
FNDA:0,(anonymous_13)
DA:2,1
DA:4,1
DA:5,1
DA:6,1
DA:7,1
DA:8,1
DA:9,1
DA:10,1
DA:13,1
DA:33,1
DA:36,1
DA:37,1
DA:43,1
DA:48,1
DA:51,1
DA:52,1
DA:55,1
DA:56,8
DA:60,8
DA:64,1
DA:65,0
DA:66,0
DA:67,0
DA:74,0
DA:75,0
DA:84,1
DA:85,1
DA:86,1
DA:87,1
DA:90,1
DA:91,1
DA:93,1
DA:94,1
DA:99,1
DA:100,0
DA:104,0
DA:105,0
DA:106,0
DA:107,0
DA:110,0
DA:112,0
DA:113,0
DA:116,0
DA:119,0
DA:121,0
DA:124,0
DA:125,0
DA:129,0
DA:130,0
DA:133,0
DA:134,0
DA:139,1
DA:140,0
DA:141,0
DA:148,1
DA:149,0
DA:156,1
DA:157,0
DA:159,0
DA:160,0
DA:162,0
DA:163,0
DA:164,0
DA:166,0
DA:167,0
DA:173,1
DA:176,0
DA:178,0
DA:179,0
DA:182,0
DA:183,0
DA:184,0
DA:185,0
DA:188,0
DA:189,0
DA:194,1
DA:195,0
DA:198,1
LF:78
LH:35
BRDA:110,0,0,0
BRDA:110,0,1,0
BRDA:110,0,2,0
BRDA:110,0,3,0
BRDA:141,1,0,0
BRDA:141,1,1,0
BRDA:142,2,0,0
BRDA:142,2,1,0
BRDA:194,3,0,0
BRDA:194,3,1,1
BRF:10
BRH:1
end_of_record
TN:
SF:api/routes/agents.js
FN:8,(anonymous_0)
FN:20,(anonymous_1)
FN:53,(anonymous_2)
FN:79,(anonymous_3)
FN:116,(anonymous_4)
FN:136,(anonymous_5)
FN:161,(anonymous_6)
FNF:7
FNH:0
FNDA:0,(anonymous_0)
FNDA:0,(anonymous_1)
FNDA:0,(anonymous_2)
FNDA:0,(anonymous_3)
FNDA:0,(anonymous_4)
FNDA:0,(anonymous_5)
FNDA:0,(anonymous_6)
DA:2,1
DA:3,1
DA:4,1
DA:5,1
DA:8,1
DA:9,0
DA:10,0
DA:11,0
DA:16,0
DA:20,1
DA:21,0
DA:22,0
DA:24,0
DA:25,0
DA:27,0
DA:28,0
DA:29,0
DA:32,0
DA:33,0
DA:35,0
DA:37,0
DA:44,0
DA:45,0
DA:50,1
DA:54,0
DA:55,0
DA:57,0
DA:58,0
DA:61,0
DA:63,0
DA:64,0
DA:70,1
DA:80,0
DA:81,0
DA:84,0
DA:89,0
DA:90,0
DA:93,0
DA:101,0
DA:103,0
DA:104,0
DA:110,1
DA:117,0
DA:118,0
DA:120,0
DA:121,0
DA:124,0
DA:126,0
DA:127,0
DA:133,1
DA:137,0
DA:138,0
DA:143,0
DA:145,0
DA:146,0
DA:149,0
DA:151,0
DA:152,0
DA:158,1
DA:162,0
DA:163,0
DA:165,0
DA:169,0
DA:171,0
DA:172,0
DA:175,0
DA:176,0
DA:178,0
DA:180,0
DA:187,0
DA:188,0
DA:193,1
LF:72
LH:12
BRDA:10,0,0,0
BRDA:10,0,1,0
BRDA:22,1,0,0
BRDA:22,2,0,0
BRDA:27,3,0,0
BRDA:27,3,1,0
BRDA:57,4,0,0
BRDA:57,4,1,0
BRDA:89,5,0,0
BRDA:89,5,1,0
BRDA:120,6,0,0
BRDA:120,6,1,0
BRDA:145,7,0,0
BRDA:145,7,1,0
BRDA:163,8,0,0
BRDA:163,9,0,0
BRDA:171,10,0,0
BRDA:171,10,1,0
BRDA:172,11,0,0
BRDA:172,11,1,0
BRF:20
BRH:0
end_of_record
TN:
SF:api/routes/coral-protocol.js
FN:9,(anonymous_0)
FN:29,(anonymous_1)
FN:65,(anonymous_2)
FN:98,(anonymous_3)
FN:143,(anonymous_4)
FN:174,(anonymous_5)
FN:199,(anonymous_6)
FN:225,(anonymous_7)
FN:251,(anonymous_8)
FN:297,(anonymous_9)
FN:338,(anonymous_10)
FN:367,(anonymous_11)
FNF:12
FNH:5
FNDA:7,(anonymous_0)
FNDA:2,(anonymous_1)
FNDA:3,(anonymous_2)
FNDA:1,(anonymous_3)
FNDA:0,(anonymous_4)
FNDA:0,(anonymous_5)
FNDA:0,(anonymous_6)
FNDA:0,(anonymous_7)
FNDA:0,(anonymous_8)
FNDA:0,(anonymous_9)
FNDA:0,(anonymous_10)
FNDA:1,(anonymous_11)
DA:2,1
DA:3,1
DA:4,1
DA:5,1
DA:6,1
DA:9,1
DA:10,7
DA:11,7
DA:12,1
DA:17,6
DA:21,1
DA:30,2
DA:31,2
DA:33,2
DA:39,0
DA:47,2
DA:48,2
DA:57,1
DA:66,3
DA:67,3
DA:69,3
DA:76,3
DA:78,0
DA:85,3
DA:86,3
DA:95,1
DA:99,1
DA:100,1
DA:102,0
DA:103,0
DA:106,0
DA:108,0
DA:116,1
DA:117,1
DA:126,1
DA:144,0
DA:145,0
DA:147,0
DA:154,0
DA:161,0
DA:162,0
DA:171,1
DA:175,0
DA:176,0
DA:178,0
DA:183,0
DA:184,0
DA:193,1
DA:200,0
DA:201,0
DA:202,0
DA:204,0
DA:206,0
DA:212,0
DA:213,0
DA:222,1
DA:226,0
DA:227,0
DA:229,0
DA:234,0
DA:235,0
DA:244,1
DA:252,0
DA:253,0
DA:256,0
DA:257,0
DA:262,0
DA:263,0
DA:266,0
DA:272,0
DA:278,0
DA:279,0
DA:288,1
DA:298,0
DA:299,0
DA:301,0
DA:309,0
DA:315,0
DA:321,0
DA:322,0
DA:331,1
DA:339,0
DA:340,0
DA:341,0
DA:343,0
DA:349,0
DA:357,0
DA:358,0
DA:367,1
DA:368,1
DA:369,1
DA:370,1
DA:372,1
DA:382,0
DA:383,0
DA:390,1
LF:96
LH:41
BRDA:11,0,0,1
BRDA:11,0,1,6
BRDA:71,1,0,1
BRDA:71,1,1,2
BRDA:72,2,0,0
BRDA:72,2,1,3
BRDA:73,3,0,0
BRDA:73,3,1,3
BRDA:102,4,0,0
BRDA:102,4,1,0
BRDA:202,5,0,0
BRDA:262,6,0,0
BRDA:262,6,1,0
BRDA:341,7,0,0
BRDA:341,8,0,0
BRDA:377,9,0,1
BRDA:377,9,1,0
BRDA:377,10,0,1
BRDA:377,10,1,1
BRF:19
BRH:9
end_of_record
TN:
SF:api/routes/predictions.js
FN:8,(anonymous_0)
FN:29,(anonymous_1)
FN:99,(anonymous_2)
FN:135,(anonymous_3)
FN:159,(anonymous_4)
FN:186,(anonymous_5)
FN:227,(anonymous_6)
FN:252,(anonymous_7)
FN:269,(anonymous_8)
FNF:9
FNH:0
FNDA:0,(anonymous_0)
FNDA:0,(anonymous_1)
FNDA:0,(anonymous_2)
FNDA:0,(anonymous_3)
FNDA:0,(anonymous_4)
FNDA:0,(anonymous_5)
FNDA:0,(anonymous_6)
FNDA:0,(anonymous_7)
FNDA:0,(anonymous_8)
DA:2,1
DA:3,1
DA:4,1
DA:5,1
DA:8,1
DA:9,0
DA:10,0
DA:11,0
DA:16,0
DA:20,1
DA:30,0
DA:39,0
DA:41,0
DA:47,0
DA:48,0
DA:50,0
DA:51,0
DA:52,0
DA:53,0
DA:56,0
DA:57,0
DA:58,0
DA:59,0
DA:62,0
DA:63,0
DA:66,0
DA:67,0
DA:68,0
DA:70,0
DA:72,0
DA:73,0
DA:74,0
DA:76,0
DA:77,0
DA:78,0
DA:80,0
DA:82,0
DA:89,0
DA:90,0
DA:96,1
DA:100,0
DA:101,0
DA:108,0
DA:110,0
DA:111,0
DA:114,0
DA:116,0
DA:117,0
DA:123,1
DA:136,0
DA:138,0
DA:139,0
DA:140,0
DA:143,0
DA:144,0
DA:146,0
DA:147,0
DA:153,1
DA:160,0
DA:161,0
DA:166,0
DA:167,0
DA:171,0
DA:172,0
DA:174,0
DA:179,0
DA:180,0
DA:186,1
DA:187,0
DA:188,0
DA:201,0
DA:202,0
DA:205,0
DA:209,0
DA:221,0
DA:222,0
DA:227,1
DA:228,0
DA:229,0
DA:231,0
DA:238,0
DA:240,0
DA:246,0
DA:247,0
DA:252,1
DA:253,0
DA:254,0
DA:267,0
DA:269,0
DA:281,0
DA:283,0
DA:284,0
DA:288,1
LF:93
LH:13
BRDA:10,0,0,0
BRDA:10,0,1,0
BRDA:32,1,0,0
BRDA:33,2,0,0
BRDA:37,3,0,0
BRDA:38,4,0,0
BRDA:50,5,0,0
BRDA:50,5,1,0
BRDA:56,6,0,0
BRDA:56,6,1,0
BRDA:62,7,0,0
BRDA:62,7,1,0
BRDA:63,8,0,0
BRDA:63,8,1,0
BRDA:67,9,0,0
BRDA:67,9,1,0
BRDA:68,10,0,0
BRDA:68,10,1,0
BRDA:110,11,0,0
BRDA:110,11,1,0
BRDA:139,12,0,0
BRDA:139,12,1,0
BRDA:166,13,0,0
BRDA:166,13,1,0
BRDA:205,14,0,0
BRDA:205,14,1,0
BRDA:217,15,0,0
BRDA:217,15,1,0
BRDA:218,16,0,0
BRDA:218,16,1,0
BRDA:229,17,0,0
BRDA:275,18,0,0
BRDA:275,18,1,0
BRDA:278,19,0,0
BRDA:278,19,1,0
BRF:35
BRH:0
end_of_record
TN:
SF:api/routes/trust.js
FN:8,(anonymous_0)
FN:28,(anonymous_1)
FN:85,(anonymous_2)
FN:116,(anonymous_3)
FN:146,(anonymous_4)
FN:194,(anonymous_5)
FN:230,(anonymous_6)
FN:281,(anonymous_7)
FN:300,(anonymous_8)
FNF:9
FNH:0
FNDA:0,(anonymous_0)
FNDA:0,(anonymous_1)
FNDA:0,(anonymous_2)
FNDA:0,(anonymous_3)
FNDA:0,(anonymous_4)
FNDA:0,(anonymous_5)
FNDA:0,(anonymous_6)
FNDA:0,(anonymous_7)
FNDA:0,(anonymous_8)
DA:2,1
DA:3,1
DA:4,1
DA:5,1
DA:8,1
DA:9,0
DA:10,0
DA:11,0
DA:16,0
DA:20,1
DA:29,0
DA:30,0
DA:32,0
DA:38,0
DA:39,0
DA:41,0
DA:42,0
DA:43,0
DA:44,0
DA:47,0
DA:48,0
DA:49,0
DA:50,0
DA:53,0
DA:55,0
DA:56,0
DA:57,0
DA:59,0
DA:60,0
DA:61,0
DA:63,0
DA:65,0
DA:72,0
DA:73,0
DA:79,1
DA:86,0
DA:87,0
DA:89,0
DA:100,0
DA:102,0
DA:103,0
DA:104,0
DA:107,0
DA:112,0
DA:114,0
DA:116,0
DA:125,0
DA:131,0
DA:132,0
DA:138,1
DA:147,0
DA:148,0
DA:149,0
DA:152,0
DA:153,0
DA:154,0
DA:158,0
DA:161,0
DA:167,0
DA:176,0
DA:178,0
DA:180,0
DA:181,0
DA:187,1
DA:195,0
DA:196,0
DA:197,0
DA:200,0
DA:201,0
DA:202,0
DA:205,0
DA:213,0
DA:215,0
DA:223,0
DA:224,0
DA:230,1
DA:231,0
DA:232,0
DA:247,0
DA:260,0
DA:265,0
DA:266,0
DA:268,0
DA:281,0
DA:291,0
DA:292,0
DA:297,1
DA:301,0
DA:302,0
DA:305,0
DA:306,0
DA:307,0
DA:311,0
DA:314,0
DA:317,0
DA:322,0
DA:323,0
DA:325,0
DA:326,0
DA:332,0
DA:341,0
DA:342,0
DA:347,1
LF:103
LH:12
BRDA:10,0,0,0
BRDA:10,0,1,0
BRDA:30,1,0,0
BRDA:30,2,0,0
BRDA:41,3,0,0
BRDA:41,3,1,0
BRDA:47,4,0,0
BRDA:47,4,1,0
BRDA:87,5,0,0
BRDA:102,6,0,0
BRDA:102,6,1,0
BRDA:121,7,0,0
BRDA:121,7,1,0
BRDA:127,8,0,0
BRDA:127,8,1,0
BRDA:153,9,0,0
BRDA:153,9,1,0
BRDA:170,10,0,0
BRDA:170,10,1,0
BRDA:197,11,0,0
BRDA:197,12,0,0
BRDA:201,13,0,0
BRDA:201,13,1,0
BRDA:271,14,0,0
BRDA:271,14,1,0
BRDA:272,15,0,0
BRDA:272,15,1,0
BRDA:273,16,0,0
BRDA:273,16,1,0
BRDA:306,17,0,0
BRDA:306,17,1,0
BRDA:325,18,0,0
BRDA:325,18,1,0
BRF:33
BRH:0
end_of_record
TN:
SF:config/environment.js
FNF:0
FNH:0
DA:2,1
LF:1
LH:1
BRDA:7,0,0,1
BRDA:7,0,1,0
BRDA:8,1,0,1
BRDA:8,1,1,0
BRDA:12,2,0,1
BRDA:12,2,1,0
BRDA:13,3,0,1
BRDA:13,3,1,0
BRDA:16,4,0,1
BRDA:16,4,1,1
BRDA:17,5,0,1
BRDA:17,5,1,1
BRDA:26,6,0,1
BRDA:26,6,1,1
BRDA:27,7,0,1
BRDA:27,7,1,1
BRDA:28,8,0,1
BRDA:28,8,1,1
BRF:18
BRH:14
end_of_record
TN:
SF:core/coral-protocol/agent-communication.js
FN:8,(anonymous_0)
FN:34,(anonymous_1)
FN:139,(anonymous_2)
FN:209,(anonymous_3)
FN:228,(anonymous_4)
FN:251,(anonymous_5)
FN:269,(anonymous_6)
FN:285,(anonymous_7)
FN:297,(anonymous_8)
FN:321,(anonymous_9)
FN:343,(anonymous_10)
FN:365,(anonymous_11)
FN:387,(anonymous_12)
FN:409,(anonymous_13)
FNF:14
FNH:2
FNDA:1,(anonymous_0)
FNDA:0,(anonymous_1)
FNDA:0,(anonymous_2)
FNDA:0,(anonymous_3)
FNDA:0,(anonymous_4)
FNDA:0,(anonymous_5)
FNDA:0,(anonymous_6)
FNDA:0,(anonymous_7)
FNDA:0,(anonymous_8)
FNDA:0,(anonymous_9)
FNDA:0,(anonymous_10)
FNDA:0,(anonymous_11)
FNDA:0,(anonymous_12)
FNDA:2,(anonymous_13)
DA:2,1
DA:3,1
DA:4,1
DA:5,1
DA:9,1
DA:20,1
DA:21,1
DA:23,1
DA:35,0
DA:36,0
DA:39,0
DA:40,0
DA:44,0
DA:49,0
DA:50,0
DA:54,0
DA:59,0
DA:60,0
DA:64,0
DA:75,0
DA:85,0
DA:86,0
DA:90,0
DA:93,0
DA:101,0
DA:102,0
DA:111,0
DA:116,0
DA:118,0
DA:124,0
DA:126,0
DA:134,0
DA:135,0
DA:140,0
DA:141,0
DA:143,0
DA:148,0
DA:149,0
DA:152,0
DA:155,0
DA:158,0
DA:168,0
DA:169,0
DA:173,0
DA:174,0
DA:183,0
DA:186,0
DA:191,0
DA:193,0
DA:204,0
DA:205,0
DA:210,0
DA:211,0
DA:220,0
DA:221,0
DA:223,0
DA:229,0
DA:230,0
DA:235,0
DA:236,0
DA:239,0
DA:240,0
DA:241,0
DA:242,0
DA:244,0
DA:246,0
DA:247,0
DA:252,0
DA:253,0
DA:258,0
DA:259,0
DA:262,0
DA:264,0
DA:265,0
DA:270,0
DA:271,0
DA:278,0
DA:280,0
DA:281,0
DA:286,0
DA:287,0
DA:292,0
DA:293,0
DA:298,0
DA:299,0
DA:309,0
DA:316,0
DA:317,0
DA:322,0
DA:323,0
DA:331,0
DA:338,0
DA:339,0
DA:344,0
DA:345,0
DA:353,0
DA:360,0
DA:361,0
DA:366,0
DA:367,0
DA:375,0
DA:382,0
DA:383,0
DA:388,0
DA:389,0
DA:402,0
DA:404,0
DA:405,0
DA:410,2
DA:412,2
DA:415,2
DA:416,2
DA:417,2
DA:418,0
DA:420,2
DA:423,2
DA:431,0
DA:440,1
LF:118
LH:16
BRDA:39,0,0,0
BRDA:39,0,1,0
BRDA:49,1,0,0
BRDA:49,1,1,0
BRDA:59,2,0,0
BRDA:59,2,1,0
BRDA:148,3,0,0
BRDA:148,3,1,0
BRDA:168,4,0,0
BRDA:168,4,1,0
BRDA:235,5,0,0
BRDA:235,5,1,0
BRDA:239,6,0,0
BRDA:239,6,1,0
BRDA:258,7,0,0
BRDA:258,7,1,0
BRDA:269,8,0,0
BRDA:387,9,0,0
BRDA:387,10,0,0
BRDA:418,11,0,0
BRDA:418,11,1,0
BRF:21
BRH:0
end_of_record
TN:
SF:core/coral-protocol/agent-discovery.js
FN:8,(anonymous_0)
FN:25,(anonymous_1)
FN:101,(anonymous_2)
FN:170,(anonymous_3)
FN:210,(anonymous_4)
FN:223,(anonymous_5)
FN:239,(anonymous_6)
FN:260,(anonymous_7)
FN:283,(anonymous_8)
FN:303,(anonymous_9)
FN:331,(anonymous_10)
FNF:11
FNH:6
FNDA:1,(anonymous_0)
FNDA:3,(anonymous_1)
FNDA:4,(anonymous_2)
FNDA:4,(anonymous_3)
FNDA:1,(anonymous_4)
FNDA:0,(anonymous_5)
FNDA:0,(anonymous_6)
FNDA:0,(anonymous_7)
FNDA:0,(anonymous_8)
FNDA:0,(anonymous_9)
FNDA:2,(anonymous_10)
DA:2,1
DA:3,1
DA:4,1
DA:5,1
DA:9,1
DA:10,1
DA:11,1
DA:12,1
DA:14,1
DA:26,3
DA:27,3
DA:30,3
DA:37,3
DA:53,3
DA:54,3
DA:55,0
DA:58,3
DA:59,3
DA:67,3
DA:81,0
DA:84,0
DA:86,0
DA:88,0
DA:96,3
DA:97,3
DA:102,4
DA:103,4
DA:106,4
DA:107,4
DA:108,4
DA:116,0
DA:118,4
DA:120,4
DA:124,0
DA:125,0
DA:126,0
DA:131,0
DA:133,0
DA:147,0
DA:158,0
DA:161,0
DA:162,0
DA:165,4
DA:166,4
DA:171,4
DA:172,4
DA:173,4
DA:174,4
DA:176,4
DA:177,2
DA:178,2
DA:179,2
DA:182,4
DA:183,1
DA:184,1
DA:185,1
DA:188,4
DA:189,0
DA:190,0
DA:191,0
DA:194,4
DA:196,4
DA:197,0
DA:198,0
DA:199,0
DA:202,4
DA:203,0
DA:205,4
DA:206,4
DA:211,1
DA:212,1
DA:216,0
DA:218,1
DA:219,1
DA:224,0
DA:225,0
DA:232,0
DA:234,0
DA:235,0
DA:240,0
DA:242,0
DA:243,0
DA:244,0
DA:245,0
DA:248,0
DA:253,0
DA:255,0
DA:256,0
DA:261,0
DA:262,0
DA:267,0
DA:268,0
DA:271,0
DA:272,0
DA:273,0
DA:274,0
DA:276,0
DA:278,0
DA:279,0
DA:284,0
DA:286,0
DA:287,0
DA:290,0
DA:295,0
DA:296,0
DA:298,0
DA:299,0
DA:304,0
DA:305,0
DA:310,0
DA:311,0
DA:314,0
DA:315,0
DA:326,0
DA:327,0
DA:332,2
DA:334,2
DA:335,2
DA:336,2
DA:337,0
DA:339,2
DA:343,2
DA:345,2
DA:352,0
DA:361,1
LF:125
LH:59
BRDA:101,0,0,0
BRDA:112,1,0,4
BRDA:112,1,1,3
BRDA:113,2,0,4
BRDA:113,2,1,4
BRDA:116,3,0,0
BRDA:116,3,1,0
BRDA:131,4,0,0
BRDA:131,4,1,0
BRDA:142,5,0,0
BRDA:142,5,1,0
BRDA:143,6,0,0
BRDA:143,6,1,0
BRDA:154,7,0,0
BRDA:154,7,1,0
BRDA:170,8,0,0
BRDA:176,9,0,2
BRDA:176,9,1,2
BRDA:182,10,0,1
BRDA:182,10,1,3
BRDA:188,11,0,0
BRDA:188,11,1,4
BRDA:188,12,0,4
BRDA:188,12,1,0
BRDA:196,13,0,0
BRDA:196,13,1,4
BRDA:216,14,0,0
BRDA:216,14,1,0
BRDA:242,15,0,0
BRDA:242,15,1,0
BRDA:267,16,0,0
BRDA:267,16,1,0
BRDA:271,17,0,0
BRDA:271,17,1,0
BRDA:310,18,0,0
BRDA:310,18,1,0
BRDA:337,19,0,0
BRDA:337,19,1,0
BRF:38
BRH:11
end_of_record
TN:
SF:core/database/connection.js
FN:6,(anonymous_0)
FN:17,(anonymous_1)
FN:23,(anonymous_2)
FN:28,(anonymous_3)
FN:38,(anonymous_4)
FN:43,(anonymous_5)
FN:59,(anonymous_6)
FN:70,(anonymous_7)
FN:75,(anonymous_8)
FN:93,(anonymous_9)
FN:104,(anonymous_10)
FN:110,(anonymous_11)
FN:122,(anonymous_12)
FN:145,(anonymous_13)
FN:164,(anonymous_14)
FNF:15
FNH:3
FNDA:1,(anonymous_0)
FNDA:0,(anonymous_1)
FNDA:0,(anonymous_2)
FNDA:13,(anonymous_3)
FNDA:0,(anonymous_4)
FNDA:0,(anonymous_5)
FNDA:5,(anonymous_6)
FNDA:0,(anonymous_7)
FNDA:0,(anonymous_8)
FNDA:0,(anonymous_9)
FNDA:0,(anonymous_10)
FNDA:0,(anonymous_11)
FNDA:0,(anonymous_12)
FNDA:0,(anonymous_13)
FNDA:0,(anonymous_14)
DA:2,1
DA:3,1
DA:7,1
DA:17,1
DA:18,0
DA:19,0
DA:23,1
DA:24,0
DA:29,13
DA:30,0
DA:31,0
DA:32,0
DA:34,0
DA:39,0
DA:44,0
DA:45,0
DA:46,0
DA:47,0
DA:48,0
DA:49,0
DA:51,0
DA:52,0
DA:54,0
DA:60,5
DA:61,5
DA:62,0
DA:64,5
DA:65,5
DA:71,0
DA:76,0
DA:77,0
DA:79,0
DA:80,0
DA:81,0
DA:83,0
DA:84,0
DA:85,0
DA:87,0
DA:88,0
DA:94,0
DA:95,0
DA:100,0
DA:101,0
DA:105,0
DA:106,0
DA:107,0
DA:111,0
DA:117,0
DA:118,0
DA:126,0
DA:128,0
DA:137,0
DA:142,0
DA:146,0
DA:159,0
DA:160,0
DA:165,0
DA:174,0
DA:175,0
DA:177,0
DA:178,0
DA:182,0
DA:183,0
DA:184,0
DA:186,0
DA:190,1
LF:66
LH:11
BRDA:9,0,0,0
BRDA:9,0,1,1
BRDA:177,1,0,0
BRDA:177,1,1,0
BRDA:177,2,0,0
BRDA:177,2,1,0
BRDA:182,3,0,0
BRDA:182,3,1,0
BRDA:183,4,0,0
BRDA:183,4,1,0
BRF:10
BRH:1
end_of_record
